0 info it worked if it ends with ok
1 verbose cli [ '/usr/local/Cellar/node/7.2.0/bin/node',
1 verbose cli   '/usr/local/bin/npm',
1 verbose cli   'start' ]
2 info using npm@4.0.5
3 info using node@v7.2.0
4 verbose run-script [ 'prestart', 'start', 'poststart' ]
5 info lifecycle domsters-gulp@1.0.0~prestart: domsters-gulp@1.0.0
6 silly lifecycle domsters-gulp@1.0.0~prestart: no script for prestart, continuing
7 info lifecycle domsters-gulp@1.0.0~start: domsters-gulp@1.0.0
8 verbose lifecycle domsters-gulp@1.0.0~start: unsafe-perm in lifecycle true
9 verbose lifecycle domsters-gulp@1.0.0~start: PATH: /usr/local/lib/node_modules/npm/bin/node-gyp-bin:/Users/philiphowley/Documents/dev/experiments/zach-js/task-runners/domsters-gulp/node_modules/.bin:/Users/philiphowley/.node/bin:/usr/local/share/npm/bin:/Library/Frameworks/Python.framework/Versions/2.7/bin:/usr/local/bin:/usr/local/sbin:/usr/local/bin:/usr/bin:/bin:/usr/sbin:/sbin:/usr/local/git/bin
10 verbose lifecycle domsters-gulp@1.0.0~start: CWD: /Users/philiphowley/Documents/dev/experiments/zach-js/task-runners/domsters-gulp
11 silly lifecycle domsters-gulp@1.0.0~start: Args: [ '-c', 'gulp' ]
12 silly lifecycle domsters-gulp@1.0.0~start: Returned: code: 1  signal: null
13 info lifecycle domsters-gulp@1.0.0~start: Failed to exec start script
14 verbose stack Error: domsters-gulp@1.0.0 start: `gulp`
14 verbose stack Exit status 1
14 verbose stack     at EventEmitter.<anonymous> (/usr/local/lib/node_modules/npm/lib/utils/lifecycle.js:279:16)
14 verbose stack     at emitTwo (events.js:106:13)
14 verbose stack     at EventEmitter.emit (events.js:191:7)
14 verbose stack     at ChildProcess.<anonymous> (/usr/local/lib/node_modules/npm/lib/utils/spawn.js:40:14)
14 verbose stack     at emitTwo (events.js:106:13)
14 verbose stack     at ChildProcess.emit (events.js:191:7)
14 verbose stack     at maybeClose (internal/child_process.js:885:16)
14 verbose stack     at Process.ChildProcess._handle.onexit (internal/child_process.js:226:5)
15 verbose pkgid domsters-gulp@1.0.0
16 verbose cwd /Users/philiphowley/Documents/dev/experiments/zach-js/task-runners/domsters-gulp
17 error Darwin 16.3.0
18 error argv "/usr/local/Cellar/node/7.2.0/bin/node" "/usr/local/bin/npm" "start"
19 error node v7.2.0
20 error npm  v4.0.5
21 error code ELIFECYCLE
22 error domsters-gulp@1.0.0 start: `gulp`
22 error Exit status 1
23 error Failed at the domsters-gulp@1.0.0 start script 'gulp'.
23 error Make sure you have the latest version of node.js and npm installed.
23 error If you do, this is most likely a problem with the domsters-gulp package,
23 error not with npm itself.
23 error Tell the author that this fails on your system:
23 error     gulp
23 error You can get information on how to open an issue for this project with:
23 error     npm bugs domsters-gulp
23 error Or if that isn't available, you can get their info via:
23 error     npm owner ls domsters-gulp
23 error There is likely additional logging output above.
24 verbose exit [ 1, true ]
